This file contains any messages produced by compilers while
running configure, to aid debugging if configure makes a mistake.

It was created by guvcview configure 2.0.1, which was
generated by GNU Autoconf 2.69.  Invocation command line was

  $ ./configure --prefix=/home/cobra/Desktop/guvcview-src-2.0.1/

## --------- ##
## Platform. ##
## --------- ##

hostname = cobra-laptop
uname -m = x86_64
uname -r = 3.13.0-48-generic
uname -s = Linux
uname -v = #80-Ubuntu SMP Thu Mar 12 11:16:15 UTC 2015

/usr/bin/uname -p = unknown
/bin/uname -X     = unknown

/bin/arch              = unknown
/usr/bin/arch -k       = unknown
/usr/convex/getsysinfo = unknown
/usr/bin/hostinfo      = unknown
/bin/machine           = unknown
/usr/bin/oslevel       = unknown
/bin/universe          = unknown

PATH: /home/cobra/.rvm/gems/ruby-2.2.0/bin
PATH: /home/cobra/.rvm/gems/ruby-2.2.0@global/bin
PATH: /home/cobra/.rvm/rubies/ruby-2.2.0/bin
PATH: /usr/local/heroku/bin
PATH: /usr/local/sbin
PATH: /usr/local/bin
PATH: /usr/sbin
PATH: /usr/bin
PATH: /sbin
PATH: /bin
PATH: /usr/games
PATH: /usr/local/games
PATH: /home/cobra/.rvm/bin
PATH: /home/cobra/.rvm/gems/ruby-2.2.0/bin
PATH: /home/cobra/.rvm/gems/ruby-2.2.0@global/bin
PATH: /home/cobra/.rvm/rubies/ruby-2.2.0/bin
PATH: /usr/local/heroku/bin
PATH: /usr/local/heroku/bin
PATH: /usr/local/sbin
PATH: /usr/local/bin
PATH: /usr/sbin
PATH: /usr/bin
PATH: /sbin
PATH: /bin
PATH: /usr/games
PATH: /usr/local/games
PATH: /home/cobra/.rvm/bin
PATH: /home/cobra/.rvm/bin
PATH: /home/cobra/.bin
PATH: /home/cobra/.rvm/bin


## ----------- ##
## Core tests. ##
## ----------- ##

configure:2392: checking whether make supports nested variables
configure:2409: result: yes
configure:2466: checking for a BSD-compatible install
configure:2534: result: /usr/bin/install -c
configure:2545: checking whether build environment is sane
configure:2600: result: yes
configure:2751: checking for a thread-safe mkdir -p
configure:2790: result: /bin/mkdir -p
configure:2797: checking for gawk
configure:2813: found /usr/bin/gawk
configure:2824: result: gawk
configure:2835: checking whether make sets $(MAKE)
configure:2857: result: yes
configure:2994: checking whether to enable maintainer-specific portions of Makefiles
configure:3003: result: no
configure:3074: checking for gcc
configure:3090: found /usr/bin/gcc
configure:3101: result: gcc
configure:3330: checking for C compiler version
configure:3339: gcc --version >&5
gcc (Ubuntu 4.8.2-19ubuntu1) 4.8.2
Copyright (C) 2013 Free Software Foundation, Inc.
This is free software; see the source for copying conditions.  There is NO
warranty; not even for MERCHANTABILITY or FITNESS FOR A PARTICULAR PURPOSE.

configure:3350: $? = 0
configure:3339: gcc -v >&5
Using built-in specs.
COLLECT_GCC=gcc
COLLECT_LTO_WRAPPER=/usr/lib/gcc/x86_64-linux-gnu/4.8/lto-wrapper
Target: x86_64-linux-gnu
Configured with: ../src/configure -v --with-pkgversion='Ubuntu 4.8.2-19ubuntu1' --with-bugurl=file:///usr/share/doc/gcc-4.8/README.Bugs --enable-languages=c,c++,java,go,d,fortran,objc,obj-c++ --prefix=/usr --program-suffix=-4.8 --enable-shared --enable-linker-build-id --libexecdir=/usr/lib --without-included-gettext --enable-threads=posix --with-gxx-include-dir=/usr/include/c++/4.8 --libdir=/usr/lib --enable-nls --with-sysroot=/ --enable-clocale=gnu --enable-libstdcxx-debug --enable-libstdcxx-time=yes --enable-gnu-unique-object --disable-libmudflap --enable-plugin --with-system-zlib --disable-browser-plugin --enable-java-awt=gtk --enable-gtk-cairo --with-java-home=/usr/lib/jvm/java-1.5.0-gcj-4.8-amd64/jre --enable-java-home --with-jvm-root-dir=/usr/lib/jvm/java-1.5.0-gcj-4.8-amd64 --with-jvm-jar-dir=/usr/lib/jvm-exports/java-1.5.0-gcj-4.8-amd64 --with-arch-directory=amd64 --with-ecj-jar=/usr/share/java/eclipse-ecj.jar --enable-objc-gc --enable-multiarch --disable-werror --with-arch-32=i686 --with-abi=m64 --with-multilib-list=m32,m64,mx32 --with-tune=generic --enable-checking=release --build=x86_64-linux-gnu --host=x86_64-linux-gnu --target=x86_64-linux-gnu
Thread model: posix
gcc version 4.8.2 (Ubuntu 4.8.2-19ubuntu1) 
configure:3350: $? = 0
configure:3339: gcc -V >&5
gcc: error: unrecognized command line option '-V'
gcc: fatal error: no input files
compilation terminated.
configure:3350: $? = 4
configure:3339: gcc -qversion >&5
gcc: error: unrecognized command line option '-qversion'
gcc: fatal error: no input files
compilation terminated.
configure:3350: $? = 4
configure:3370: checking whether the C compiler works
configure:3392: gcc    conftest.c  >&5
configure:3396: $? = 0
configure:3444: result: yes
configure:3447: checking for C compiler default output file name
configure:3449: result: a.out
configure:3455: checking for suffix of executables
configure:3462: gcc -o conftest    conftest.c  >&5
configure:3466: $? = 0
configure:3488: result: 
configure:3510: checking whether we are cross compiling
configure:3518: gcc -o conftest    conftest.c  >&5
configure:3522: $? = 0
configure:3529: ./conftest
configure:3533: $? = 0
configure:3548: result: no
configure:3553: checking for suffix of object files
configure:3575: gcc -c   conftest.c >&5
configure:3579: $? = 0
configure:3600: result: o
configure:3604: checking whether we are using the GNU C compiler
configure:3623: gcc -c   conftest.c >&5
configure:3623: $? = 0
configure:3632: result: yes
configure:3641: checking whether gcc accepts -g
configure:3661: gcc -c -g  conftest.c >&5
configure:3661: $? = 0
configure:3702: result: yes
configure:3719: checking for gcc option to accept ISO C89
configure:3782: gcc  -c -g -O2  conftest.c >&5
configure:3782: $? = 0
configure:3795: result: none needed
configure:3820: checking whether gcc understands -c and -o together
configure:3842: gcc -c conftest.c -o conftest2.o
configure:3845: $? = 0
configure:3842: gcc -c conftest.c -o conftest2.o
configure:3845: $? = 0
configure:3857: result: yes
configure:3885: checking for style of include used by make
configure:3913: result: GNU
configure:3939: checking dependency style of gcc
configure:4050: result: gcc3
configure:4072: checking how to run the C preprocessor
configure:4103: gcc -E  conftest.c
configure:4103: $? = 0
configure:4117: gcc -E  conftest.c
conftest.c:12:28: fatal error: ac_nonexistent.h: No such file or directory
 #include <ac_nonexistent.h>
                            ^
compilation terminated.
configure:4117: $? = 1
configure: failed program was:
| /* confdefs.h */
| #define PACKAGE_NAME "guvcview"
| #define PACKAGE_TARNAME "guvcview"
| #define PACKAGE_VERSION "2.0.1"
| #define PACKAGE_STRING "guvcview 2.0.1"
| #define PACKAGE_BUGREPORT "http://guvcview.sourceforge.net/"
| #define PACKAGE_URL ""
| #define PACKAGE_RELEASE "2"
| #define PACKAGE "guvcview"
| #define VERSION "2.0.1"
| /* end confdefs.h.  */
| #include <ac_nonexistent.h>
configure:4142: result: gcc -E
configure:4162: gcc -E  conftest.c
configure:4162: $? = 0
configure:4176: gcc -E  conftest.c
conftest.c:12:28: fatal error: ac_nonexistent.h: No such file or directory
 #include <ac_nonexistent.h>
                            ^
compilation terminated.
configure:4176: $? = 1
configure: failed program was:
| /* confdefs.h */
| #define PACKAGE_NAME "guvcview"
| #define PACKAGE_TARNAME "guvcview"
| #define PACKAGE_VERSION "2.0.1"
| #define PACKAGE_STRING "guvcview 2.0.1"
| #define PACKAGE_BUGREPORT "http://guvcview.sourceforge.net/"
| #define PACKAGE_URL ""
| #define PACKAGE_RELEASE "2"
| #define PACKAGE "guvcview"
| #define VERSION "2.0.1"
| /* end confdefs.h.  */
| #include <ac_nonexistent.h>
configure:4205: checking for grep that handles long lines and -e
configure:4263: result: /bin/grep
configure:4268: checking for egrep
configure:4330: result: /bin/grep -E
configure:4335: checking for ANSI C header files
configure:4355: gcc -c -g -O2  conftest.c >&5
configure:4355: $? = 0
configure:4428: gcc -o conftest -g -O2   conftest.c  >&5
configure:4428: $? = 0
configure:4428: ./conftest
configure:4428: $? = 0
configure:4439: result: yes
configure:4476: checking build system type
configure:4490: result: x86_64-unknown-linux-gnu
configure:4510: checking host system type
configure:4523: result: x86_64-unknown-linux-gnu
configure:4564: checking how to print strings
configure:4591: result: printf
configure:4612: checking for a sed that does not truncate output
configure:4676: result: /bin/sed
configure:4694: checking for fgrep
configure:4756: result: /bin/grep -F
configure:4791: checking for ld used by gcc
configure:4858: result: /usr/bin/ld
configure:4865: checking if the linker (/usr/bin/ld) is GNU ld
configure:4880: result: yes
configure:4892: checking for BSD- or MS-compatible name lister (nm)
configure:4941: result: /usr/bin/nm -B
configure:5071: checking the name lister (/usr/bin/nm -B) interface
configure:5078: gcc -c -g -O2  conftest.c >&5
configure:5081: /usr/bin/nm -B "conftest.o"
configure:5084: output
0000000000000000 B some_variable
configure:5091: result: BSD nm
configure:5094: checking whether ln -s works
configure:5098: result: yes
configure:5106: checking the maximum length of command line arguments
configure:5237: result: 1572864
configure:5254: checking whether the shell understands some XSI constructs
configure:5264: result: yes
configure:5268: checking whether the shell understands "+="
configure:5274: result: yes
configure:5309: checking how to convert x86_64-unknown-linux-gnu file names to x86_64-unknown-linux-gnu format
configure:5349: result: func_convert_file_noop
configure:5356: checking how to convert x86_64-unknown-linux-gnu file names to toolchain format
configure:5376: result: func_convert_file_noop
configure:5383: checking for /usr/bin/ld option to reload object files
configure:5390: result: -r
configure:5464: checking for objdump
configure:5480: found /usr/bin/objdump
configure:5491: result: objdump
configure:5523: checking how to recognize dependent libraries
configure:5721: result: pass_all
configure:5806: checking for dlltool
configure:5836: result: no
configure:5866: checking how to associate runtime and link libraries
configure:5893: result: printf %s\n
configure:5953: checking for ar
configure:5969: found /usr/bin/ar
configure:5980: result: ar
configure:6017: checking for archiver @FILE support
configure:6034: gcc -c -g -O2  conftest.c >&5
configure:6034: $? = 0
configure:6037: ar cru libconftest.a @conftest.lst >&5
configure:6040: $? = 0
configure:6045: ar cru libconftest.a @conftest.lst >&5
ar: conftest.o: No such file or directory
configure:6048: $? = 1
configure:6060: result: @
configure:6118: checking for strip
configure:6134: found /usr/bin/strip
configure:6145: result: strip
configure:6217: checking for ranlib
configure:6233: found /usr/bin/ranlib
configure:6244: result: ranlib
configure:6346: checking command to parse /usr/bin/nm -B output from gcc object
configure:6466: gcc -c -g -O2  conftest.c >&5
configure:6469: $? = 0
configure:6473: /usr/bin/nm -B conftest.o \| sed -n -e 's/^.*[ ]\([ABCDGIRSTW][ABCDGIRSTW]*\)[ ][ ]*\([_A-Za-z][_A-Za-z0-9]*\)$/\1 \2 \2/p' | sed '/ __gnu_lto/d' \> conftest.nm
configure:6476: $? = 0
configure:6542: gcc -o conftest -g -O2   conftest.c conftstm.o >&5
configure:6545: $? = 0
configure:6583: result: ok
configure:6620: checking for sysroot
configure:6650: result: no
configure:6727: gcc -c -g -O2  conftest.c >&5
configure:6730: $? = 0
configure:6919: checking for mt
configure:6935: found /bin/mt
configure:6946: result: mt
configure:6969: checking if mt is a manifest tool
configure:6975: mt '-?'
configure:6983: result: no
configure:7625: checking for sys/types.h
configure:7625: gcc -c -g -O2  conftest.c >&5
configure:7625: $? = 0
configure:7625: result: yes
configure:7625: checking for sys/stat.h
configure:7625: gcc -c -g -O2  conftest.c >&5
configure:7625: $? = 0
configure:7625: result: yes
configure:7625: checking for stdlib.h
configure:7625: gcc -c -g -O2  conftest.c >&5
configure:7625: $? = 0
configure:7625: result: yes
configure:7625: checking for string.h
configure:7625: gcc -c -g -O2  conftest.c >&5
configure:7625: $? = 0
configure:7625: result: yes
configure:7625: checking for memory.h
configure:7625: gcc -c -g -O2  conftest.c >&5
configure:7625: $? = 0
configure:7625: result: yes
configure:7625: checking for strings.h
configure:7625: gcc -c -g -O2  conftest.c >&5
configure:7625: $? = 0
configure:7625: result: yes
configure:7625: checking for inttypes.h
configure:7625: gcc -c -g -O2  conftest.c >&5
configure:7625: $? = 0
configure:7625: result: yes
configure:7625: checking for stdint.h
configure:7625: gcc -c -g -O2  conftest.c >&5
configure:7625: $? = 0
configure:7625: result: yes
configure:7625: checking for unistd.h
configure:7625: gcc -c -g -O2  conftest.c >&5
configure:7625: $? = 0
configure:7625: result: yes
configure:7639: checking for dlfcn.h
configure:7639: gcc -c -g -O2  conftest.c >&5
configure:7639: $? = 0
configure:7639: result: yes
configure:7845: checking for objdir
configure:7860: result: .libs
configure:8131: checking if gcc supports -fno-rtti -fno-exceptions
configure:8149: gcc -c -g -O2  -fno-rtti -fno-exceptions conftest.c >&5
cc1: warning: command line option '-fno-rtti' is valid for C++/ObjC++ but not for C [enabled by default]
configure:8153: $? = 0
configure:8166: result: no
configure:8493: checking for gcc option to produce PIC
configure:8500: result: -fPIC -DPIC
configure:8508: checking if gcc PIC flag -fPIC -DPIC works
configure:8526: gcc -c -g -O2  -fPIC -DPIC -DPIC conftest.c >&5
configure:8530: $? = 0
configure:8543: result: yes
configure:8572: checking if gcc static flag -static works
configure:8600: result: yes
configure:8615: checking if gcc supports -c -o file.o
configure:8636: gcc -c -g -O2  -o out/conftest2.o conftest.c >&5
configure:8640: $? = 0
configure:8662: result: yes
configure:8670: checking if gcc supports -c -o file.o
configure:8717: result: yes
configure:8750: checking whether the gcc linker (/usr/bin/ld -m elf_x86_64) supports shared libraries
configure:9907: result: yes
configure:9944: checking whether -lc should be explicitly linked in
configure:9952: gcc -c -g -O2  conftest.c >&5
configure:9955: $? = 0
configure:9970: gcc -shared  -fPIC -DPIC conftest.o  -v -Wl,-soname -Wl,conftest -o conftest 2\>\&1 \| /bin/grep  -lc  \>/dev/null 2\>\&1
configure:9973: $? = 0
configure:9987: result: no
configure:10147: checking dynamic linker characteristics
configure:10647: gcc -o conftest -g -O2   -Wl,-rpath -Wl,/foo conftest.c  >&5
configure:10647: $? = 0
configure:10881: result: GNU/Linux ld.so
configure:10988: checking how to hardcode library paths into programs
configure:11013: result: immediate
configure:11553: checking whether stripping libraries is possible
configure:11558: result: yes
configure:11593: checking if libtool supports shared libraries
configure:11595: result: yes
configure:11598: checking whether to build shared libraries
configure:11619: result: yes
configure:11622: checking whether to build static libraries
configure:11626: result: yes
configure:11663: checking whether build environment is sane
configure:11718: result: yes
configure:11897: checking for the pthreads library -lpthreads
configure:11930: gcc -o conftest -g -O2    conftest.c -lpthreads  >&5
conftest.c: In function 'main':
conftest.c:29:22: warning: null argument where non-null required (argument 1) [-Wnonnull]
                      pthread_attr_init(0); pthread_cleanup_push(0, 0);
                      ^
conftest.c:30:22: warning: null argument where non-null required (argument 1) [-Wnonnull]
                      pthread_create(0,0,0,0); pthread_cleanup_pop(0);
                      ^
conftest.c:30:22: warning: null argument where non-null required (argument 3) [-Wnonnull]
/usr/bin/ld: cannot find -lpthreads
collect2: error: ld returned 1 exit status
configure:11930: $? = 1
configure: failed program was:
| /* confdefs.h */
| #define PACKAGE_NAME "guvcview"
| #define PACKAGE_TARNAME "guvcview"
| #define PACKAGE_VERSION "2.0.1"
| #define PACKAGE_STRING "guvcview 2.0.1"
| #define PACKAGE_BUGREPORT "http://guvcview.sourceforge.net/"
| #define PACKAGE_URL ""
| #define PACKAGE_RELEASE "2"
| #define PACKAGE "guvcview"
| #define VERSION "2.0.1"
| #define STDC_HEADERS 1
| #define HAVE_SYS_TYPES_H 1
| #define HAVE_SYS_STAT_H 1
| #define HAVE_STDLIB_H 1
| #define HAVE_STRING_H 1
| #define HAVE_MEMORY_H 1
| #define HAVE_STRINGS_H 1
| #define HAVE_INTTYPES_H 1
| #define HAVE_STDINT_H 1
| #define HAVE_UNISTD_H 1
| #define HAVE_DLFCN_H 1
| #define LT_OBJDIR ".libs/"
| /* end confdefs.h.  */
| #include <pthread.h>
| int
| main ()
| {
| pthread_t th; pthread_join(th, 0);
|                      pthread_attr_init(0); pthread_cleanup_push(0, 0);
|                      pthread_create(0,0,0,0); pthread_cleanup_pop(0);
|   ;
|   return 0;
| }
configure:11939: result: no
configure:11842: checking whether pthreads work without any flags
configure:11930: gcc -o conftest -g -O2    conftest.c   >&5
conftest.c: In function 'main':
conftest.c:29:22: warning: null argument where non-null required (argument 1) [-Wnonnull]
                      pthread_attr_init(0); pthread_cleanup_push(0, 0);
                      ^
conftest.c:30:22: warning: null argument where non-null required (argument 1) [-Wnonnull]
                      pthread_create(0,0,0,0); pthread_cleanup_pop(0);
                      ^
conftest.c:30:22: warning: null argument where non-null required (argument 3) [-Wnonnull]
/tmp/ccWIXriL.o: In function `main':
/home/cobra/Desktop/guvcview-src-2.0.1/conftest.c:28: undefined reference to `pthread_join'
/home/cobra/Desktop/guvcview-src-2.0.1/conftest.c:29: undefined reference to `__pthread_register_cancel'
/home/cobra/Desktop/guvcview-src-2.0.1/conftest.c:30: undefined reference to `pthread_create'
/home/cobra/Desktop/guvcview-src-2.0.1/conftest.c:30: undefined reference to `__pthread_unregister_cancel'
collect2: error: ld returned 1 exit status
configure:11930: $? = 1
configure: failed program was:
| /* confdefs.h */
| #define PACKAGE_NAME "guvcview"
| #define PACKAGE_TARNAME "guvcview"
| #define PACKAGE_VERSION "2.0.1"
| #define PACKAGE_STRING "guvcview 2.0.1"
| #define PACKAGE_BUGREPORT "http://guvcview.sourceforge.net/"
| #define PACKAGE_URL ""
| #define PACKAGE_RELEASE "2"
| #define PACKAGE "guvcview"
| #define VERSION "2.0.1"
| #define STDC_HEADERS 1
| #define HAVE_SYS_TYPES_H 1
| #define HAVE_SYS_STAT_H 1
| #define HAVE_STDLIB_H 1
| #define HAVE_STRING_H 1
| #define HAVE_MEMORY_H 1
| #define HAVE_STRINGS_H 1
| #define HAVE_INTTYPES_H 1
| #define HAVE_STDINT_H 1
| #define HAVE_UNISTD_H 1
| #define HAVE_DLFCN_H 1
| #define LT_OBJDIR ".libs/"
| /* end confdefs.h.  */
| #include <pthread.h>
| int
| main ()
| {
| pthread_t th; pthread_join(th, 0);
|                      pthread_attr_init(0); pthread_cleanup_push(0, 0);
|                      pthread_create(0,0,0,0); pthread_cleanup_pop(0);
|   ;
|   return 0;
| }
configure:11939: result: no
configure:11847: checking whether pthreads work with -Kthread
configure:11930: gcc -o conftest -g -O2 -Kthread   conftest.c   >&5
gcc: error: unrecognized command line option '-Kthread'
configure:11930: $? = 1
configure: failed program was:
| /* confdefs.h */
| #define PACKAGE_NAME "guvcview"
| #define PACKAGE_TARNAME "guvcview"
| #define PACKAGE_VERSION "2.0.1"
| #define PACKAGE_STRING "guvcview 2.0.1"
| #define PACKAGE_BUGREPORT "http://guvcview.sourceforge.net/"
| #define PACKAGE_URL ""
| #define PACKAGE_RELEASE "2"
| #define PACKAGE "guvcview"
| #define VERSION "2.0.1"
| #define STDC_HEADERS 1
| #define HAVE_SYS_TYPES_H 1
| #define HAVE_SYS_STAT_H 1
| #define HAVE_STDLIB_H 1
| #define HAVE_STRING_H 1
| #define HAVE_MEMORY_H 1
| #define HAVE_STRINGS_H 1
| #define HAVE_INTTYPES_H 1
| #define HAVE_STDINT_H 1
| #define HAVE_UNISTD_H 1
| #define HAVE_DLFCN_H 1
| #define LT_OBJDIR ".libs/"
| /* end confdefs.h.  */
| #include <pthread.h>
| int
| main ()
| {
| pthread_t th; pthread_join(th, 0);
|                      pthread_attr_init(0); pthread_cleanup_push(0, 0);
|                      pthread_create(0,0,0,0); pthread_cleanup_pop(0);
|   ;
|   return 0;
| }
configure:11939: result: no
configure:11847: checking whether pthreads work with -kthread
configure:11930: gcc -o conftest -g -O2 -kthread   conftest.c   >&5
gcc: error: unrecognized command line option '-kthread'
configure:11930: $? = 1
configure: failed program was:
| /* confdefs.h */
| #define PACKAGE_NAME "guvcview"
| #define PACKAGE_TARNAME "guvcview"
| #define PACKAGE_VERSION "2.0.1"
| #define PACKAGE_STRING "guvcview 2.0.1"
| #define PACKAGE_BUGREPORT "http://guvcview.sourceforge.net/"
| #define PACKAGE_URL ""
| #define PACKAGE_RELEASE "2"
| #define PACKAGE "guvcview"
| #define VERSION "2.0.1"
| #define STDC_HEADERS 1
| #define HAVE_SYS_TYPES_H 1
| #define HAVE_SYS_STAT_H 1
| #define HAVE_STDLIB_H 1
| #define HAVE_STRING_H 1
| #define HAVE_MEMORY_H 1
| #define HAVE_STRINGS_H 1
| #define HAVE_INTTYPES_H 1
| #define HAVE_STDINT_H 1
| #define HAVE_UNISTD_H 1
| #define HAVE_DLFCN_H 1
| #define LT_OBJDIR ".libs/"
| /* end confdefs.h.  */
| #include <pthread.h>
| int
| main ()
| {
| pthread_t th; pthread_join(th, 0);
|                      pthread_attr_init(0); pthread_cleanup_push(0, 0);
|                      pthread_create(0,0,0,0); pthread_cleanup_pop(0);
|   ;
|   return 0;
| }
configure:11939: result: no
configure:11897: checking for the pthreads library -llthread
configure:11930: gcc -o conftest -g -O2    conftest.c -llthread  >&5
conftest.c: In function 'main':
conftest.c:29:22: warning: null argument where non-null required (argument 1) [-Wnonnull]
                      pthread_attr_init(0); pthread_cleanup_push(0, 0);
                      ^
conftest.c:30:22: warning: null argument where non-null required (argument 1) [-Wnonnull]
                      pthread_create(0,0,0,0); pthread_cleanup_pop(0);
                      ^
conftest.c:30:22: warning: null argument where non-null required (argument 3) [-Wnonnull]
/usr/bin/ld: cannot find -llthread
collect2: error: ld returned 1 exit status
configure:11930: $? = 1
configure: failed program was:
| /* confdefs.h */
| #define PACKAGE_NAME "guvcview"
| #define PACKAGE_TARNAME "guvcview"
| #define PACKAGE_VERSION "2.0.1"
| #define PACKAGE_STRING "guvcview 2.0.1"
| #define PACKAGE_BUGREPORT "http://guvcview.sourceforge.net/"
| #define PACKAGE_URL ""
| #define PACKAGE_RELEASE "2"
| #define PACKAGE "guvcview"
| #define VERSION "2.0.1"
| #define STDC_HEADERS 1
| #define HAVE_SYS_TYPES_H 1
| #define HAVE_SYS_STAT_H 1
| #define HAVE_STDLIB_H 1
| #define HAVE_STRING_H 1
| #define HAVE_MEMORY_H 1
| #define HAVE_STRINGS_H 1
| #define HAVE_INTTYPES_H 1
| #define HAVE_STDINT_H 1
| #define HAVE_UNISTD_H 1
| #define HAVE_DLFCN_H 1
| #define LT_OBJDIR ".libs/"
| /* end confdefs.h.  */
| #include <pthread.h>
| int
| main ()
| {
| pthread_t th; pthread_join(th, 0);
|                      pthread_attr_init(0); pthread_cleanup_push(0, 0);
|                      pthread_create(0,0,0,0); pthread_cleanup_pop(0);
|   ;
|   return 0;
| }
configure:11939: result: no
configure:11847: checking whether pthreads work with -pthread
configure:11930: gcc -o conftest -g -O2 -pthread   conftest.c   >&5
conftest.c: In function 'main':
conftest.c:29:22: warning: null argument where non-null required (argument 1) [-Wnonnull]
                      pthread_attr_init(0); pthread_cleanup_push(0, 0);
                      ^
conftest.c:30:22: warning: null argument where non-null required (argument 1) [-Wnonnull]
                      pthread_create(0,0,0,0); pthread_cleanup_pop(0);
                      ^
conftest.c:30:22: warning: null argument where non-null required (argument 3) [-Wnonnull]
configure:11930: $? = 0
configure:11939: result: yes
configure:11958: checking for joinable pthread attribute
configure:11973: gcc -o conftest -g -O2 -pthread   conftest.c   >&5
configure:11973: $? = 0
configure:11979: result: PTHREAD_CREATE_JOINABLE
configure:11989: checking if more special flags are required for pthreads
configure:11996: result: no
configure:12099: checking whether NLS is requested
configure:12108: result: yes
configure:12126: checking for intltool >= 0.40
configure:12128: result: 0.50.2 found
configure:12136: checking for intltool-update
configure:12154: found /usr/bin/intltool-update
configure:12166: result: /usr/bin/intltool-update
configure:12176: checking for intltool-merge
configure:12194: found /usr/bin/intltool-merge
configure:12206: result: /usr/bin/intltool-merge
configure:12216: checking for intltool-extract
configure:12234: found /usr/bin/intltool-extract
configure:12246: result: /usr/bin/intltool-extract
configure:12400: checking for xgettext
configure:12418: found /usr/bin/xgettext
configure:12430: result: /usr/bin/xgettext
configure:12440: checking for msgmerge
configure:12458: found /usr/bin/msgmerge
configure:12470: result: /usr/bin/msgmerge
configure:12480: checking for msgfmt
configure:12498: found /usr/bin/msgfmt
configure:12510: result: /usr/bin/msgfmt
configure:12520: checking for gmsgfmt
configure:12551: result: /usr/bin/msgfmt
configure:12571: checking for perl
configure:12589: found /usr/bin/perl
configure:12601: result: /usr/bin/perl
configure:12612: checking for perl >= 5.8.1
configure:12619: result: 5.18.2
configure:12623: checking for XML::Parser
configure:12626: result: ok
configure:12651: gcc -o conftest -g -O2   conftest.c  >&5
configure:12651: $? = 0
configure:12684: checking locale.h usability
configure:12684: gcc -c -g -O2  conftest.c >&5
configure:12684: $? = 0
configure:12684: result: yes
configure:12684: checking locale.h presence
configure:12684: gcc -E  conftest.c
configure:12684: $? = 0
configure:12684: result: yes
configure:12684: checking for locale.h
configure:12684: result: yes
configure:12695: checking for LC_MESSAGES
configure:12711: gcc -o conftest -g -O2   conftest.c  >&5
configure:12711: $? = 0
configure:12719: result: yes
configure:12736: checking libintl.h usability
configure:12736: gcc -c -g -O2  conftest.c >&5
configure:12736: $? = 0
configure:12736: result: yes
configure:12736: checking libintl.h presence
configure:12736: gcc -E  conftest.c
configure:12736: $? = 0
configure:12736: result: yes
configure:12736: checking for libintl.h
configure:12736: result: yes
configure:12744: checking for ngettext in libc
configure:12762: gcc -o conftest -g -O2   conftest.c  >&5
configure:12762: $? = 0
configure:12771: result: yes
configure:12775: checking for dgettext in libc
configure:12793: gcc -o conftest -g -O2   conftest.c  >&5
configure:12793: $? = 0
configure:12802: result: yes
configure:12809: checking for bind_textdomain_codeset
configure:12809: gcc -o conftest -g -O2   conftest.c  >&5
configure:12809: $? = 0
configure:12809: result: yes
configure:13085: checking for msgfmt
configure:13112: result: /usr/bin/msgfmt
configure:13123: checking for dcgettext
configure:13123: gcc -o conftest -g -O2   conftest.c   >&5
conftest.c:54:6: warning: conflicting types for built-in function 'dcgettext' [enabled by default]
 char dcgettext ();
      ^
configure:13123: $? = 0
configure:13123: result: yes
configure:13133: checking if msgfmt accepts -c
configure:13148: $MSGFMT -c -o /dev/null conftest.foo
conftest.foo:3: warning: header field 'Language' missing in header
configure:13151: $? = 0
configure:13153: result: yes
configure:13163: checking for gmsgfmt
configure:13194: result: /usr/bin/msgfmt
configure:13204: checking for xgettext
configure:13231: result: /usr/bin/xgettext
configure:13250: gcc -o conftest -g -O2   conftest.c   >&5
configure:13250: $? = 0
configure:13332: checking for catalogs to be installed
configure:13357: result:  bg bs cs da de en_AU es eu fo fr gl he hr it ja lv nl pl pt pt_BR ru si sr tr uk zh_TW
configure:13390: checking for ANSI C header files
configure:13494: result: yes
configure:13504: checking math.h usability
configure:13504: gcc -c -g -O2  conftest.c >&5
configure:13504: $? = 0
configure:13504: result: yes
configure:13504: checking math.h presence
configure:13504: gcc -E  conftest.c
configure:13504: $? = 0
configure:13504: result: yes
configure:13504: checking for math.h
configure:13504: result: yes
configure:13514: checking for exp in -lm
configure:13539: gcc -o conftest -g -O2   conftest.c -lm   >&5
conftest.c:42:6: warning: conflicting types for built-in function 'exp' [enabled by default]
 char exp ();
      ^
configure:13539: $? = 0
configure:13548: result: yes
configure:13556: checking for roundf in -lm
configure:13581: gcc -o conftest -g -O2   conftest.c -lm   >&5
conftest.c:43:6: warning: conflicting types for built-in function 'roundf' [enabled by default]
 char roundf ();
      ^
configure:13581: $? = 0
configure:13590: result: yes
configure:13598: checking for pow in -lm
configure:13623: gcc -o conftest -g -O2   conftest.c -lm   >&5
conftest.c:44:6: warning: conflicting types for built-in function 'pow' [enabled by default]
 char pow ();
      ^
configure:13623: $? = 0
configure:13632: result: yes
configure:13725: checking for pkg-config
configure:13743: found /usr/bin/pkg-config
configure:13755: result: /usr/bin/pkg-config
configure:13780: checking pkg-config is at least version 0.9.0
configure:13783: result: yes
configure:13793: checking for GVIEWV4L2CORE
configure:13800: $PKG_CONFIG --exists --print-errors "libv4l2 libudev libusb-1.0 libavcodec libpng"
configure:13803: $? = 0
configure:13817: $PKG_CONFIG --exists --print-errors "libv4l2 libudev libusb-1.0 libavcodec libpng"
configure:13820: $? = 0
configure:13878: result: yes
configure:13885: checking if you want to enable iyuv (planar 420) as internal format
configure:13895: result: no
configure:13909: checking avcodec.h usability
configure:13909: gcc -c -g -O2 -I/usr/include/libusb-1.0 -I/usr/include/libpng12   conftest.c >&5
conftest.c:71:21: fatal error: avcodec.h: No such file or directory
 #include <avcodec.h>
                     ^
compilation terminated.
configure:13909: $? = 1
configure: failed program was:
| /* confdefs.h */
| #define PACKAGE_NAME "guvcview"
| #define PACKAGE_TARNAME "guvcview"
| #define PACKAGE_VERSION "2.0.1"
| #define PACKAGE_STRING "guvcview 2.0.1"
| #define PACKAGE_BUGREPORT "http://guvcview.sourceforge.net/"
| #define PACKAGE_URL ""
| #define PACKAGE_RELEASE "2"
| #define PACKAGE "guvcview"
| #define VERSION "2.0.1"
| #define STDC_HEADERS 1
| #define HAVE_SYS_TYPES_H 1
| #define HAVE_SYS_STAT_H 1
| #define HAVE_STDLIB_H 1
| #define HAVE_STRING_H 1
| #define HAVE_MEMORY_H 1
| #define HAVE_STRINGS_H 1
| #define HAVE_INTTYPES_H 1
| #define HAVE_STDINT_H 1
| #define HAVE_UNISTD_H 1
| #define HAVE_DLFCN_H 1
| #define LT_OBJDIR ".libs/"
| #define HAVE_PTHREAD 1
| #define GETTEXT_PACKAGE_V4L2CORE "gview_v4l2core"
| #define GETTEXT_PACKAGE "guvcview"
| #define HAVE_LOCALE_H 1
| #define HAVE_LC_MESSAGES 1
| #define HAVE_BIND_TEXTDOMAIN_CODESET 1
| #define HAVE_GETTEXT 1
| #define HAVE_DCGETTEXT 1
| #define ENABLE_NLS 1
| #define STDC_HEADERS 1
| #define HAVE_MATH_H 1
| #define HAVE_EXP 1
| #define HAVE_ROUNDF 1
| #define HAVE_POW 1
| /* end confdefs.h.  */
| #include <stdio.h>
| #ifdef HAVE_SYS_TYPES_H
| # include <sys/types.h>
| #endif
| #ifdef HAVE_SYS_STAT_H
| # include <sys/stat.h>
| #endif
| #ifdef STDC_HEADERS
| # include <stdlib.h>
| # include <stddef.h>
| #else
| # ifdef HAVE_STDLIB_H
| #  include <stdlib.h>
| # endif
| #endif
| #ifdef HAVE_STRING_H
| # if !defined STDC_HEADERS && defined HAVE_MEMORY_H
| #  include <memory.h>
| # endif
| # include <string.h>
| #endif
| #ifdef HAVE_STRINGS_H
| # include <strings.h>
| #endif
| #ifdef HAVE_INTTYPES_H
| # include <inttypes.h>
| #endif
| #ifdef HAVE_STDINT_H
| # include <stdint.h>
| #endif
| #ifdef HAVE_UNISTD_H
| # include <unistd.h>
| #endif
| #include <avcodec.h>
configure:13909: result: no
configure:13909: checking avcodec.h presence
configure:13909: gcc -E -I/usr/include/libusb-1.0 -I/usr/include/libpng12   conftest.c
conftest.c:38:21: fatal error: avcodec.h: No such file or directory
 #include <avcodec.h>
                     ^
compilation terminated.
configure:13909: $? = 1
configure: failed program was:
| /* confdefs.h */
| #define PACKAGE_NAME "guvcview"
| #define PACKAGE_TARNAME "guvcview"
| #define PACKAGE_VERSION "2.0.1"
| #define PACKAGE_STRING "guvcview 2.0.1"
| #define PACKAGE_BUGREPORT "http://guvcview.sourceforge.net/"
| #define PACKAGE_URL ""
| #define PACKAGE_RELEASE "2"
| #define PACKAGE "guvcview"
| #define VERSION "2.0.1"
| #define STDC_HEADERS 1
| #define HAVE_SYS_TYPES_H 1
| #define HAVE_SYS_STAT_H 1
| #define HAVE_STDLIB_H 1
| #define HAVE_STRING_H 1
| #define HAVE_MEMORY_H 1
| #define HAVE_STRINGS_H 1
| #define HAVE_INTTYPES_H 1
| #define HAVE_STDINT_H 1
| #define HAVE_UNISTD_H 1
| #define HAVE_DLFCN_H 1
| #define LT_OBJDIR ".libs/"
| #define HAVE_PTHREAD 1
| #define GETTEXT_PACKAGE_V4L2CORE "gview_v4l2core"
| #define GETTEXT_PACKAGE "guvcview"
| #define HAVE_LOCALE_H 1
| #define HAVE_LC_MESSAGES 1
| #define HAVE_BIND_TEXTDOMAIN_CODESET 1
| #define HAVE_GETTEXT 1
| #define HAVE_DCGETTEXT 1
| #define ENABLE_NLS 1
| #define STDC_HEADERS 1
| #define HAVE_MATH_H 1
| #define HAVE_EXP 1
| #define HAVE_ROUNDF 1
| #define HAVE_POW 1
| /* end confdefs.h.  */
| #include <avcodec.h>
configure:13909: result: no
configure:13909: checking for avcodec.h
configure:13909: result: no
configure:13909: checking libavcodec/avcodec.h usability
configure:13909: gcc -c -g -O2 -I/usr/include/libusb-1.0 -I/usr/include/libpng12   conftest.c >&5
configure:13909: $? = 0
configure:13909: result: yes
configure:13909: checking libavcodec/avcodec.h presence
configure:13909: gcc -E -I/usr/include/libusb-1.0 -I/usr/include/libpng12   conftest.c
configure:13909: $? = 0
configure:13909: result: yes
configure:13909: checking for libavcodec/avcodec.h
configure:13909: result: yes
configure:13909: checking ffmpeg/avcodec.h usability
configure:13909: gcc -c -g -O2 -I/usr/include/libusb-1.0 -I/usr/include/libpng12   conftest.c >&5
conftest.c:72:28: fatal error: ffmpeg/avcodec.h: No such file or directory
 #include <ffmpeg/avcodec.h>
                            ^
compilation terminated.
configure:13909: $? = 1
configure: failed program was:
| /* confdefs.h */
| #define PACKAGE_NAME "guvcview"
| #define PACKAGE_TARNAME "guvcview"
| #define PACKAGE_VERSION "2.0.1"
| #define PACKAGE_STRING "guvcview 2.0.1"
| #define PACKAGE_BUGREPORT "http://guvcview.sourceforge.net/"
| #define PACKAGE_URL ""
| #define PACKAGE_RELEASE "2"
| #define PACKAGE "guvcview"
| #define VERSION "2.0.1"
| #define STDC_HEADERS 1
| #define HAVE_SYS_TYPES_H 1
| #define HAVE_SYS_STAT_H 1
| #define HAVE_STDLIB_H 1
| #define HAVE_STRING_H 1
| #define HAVE_MEMORY_H 1
| #define HAVE_STRINGS_H 1
| #define HAVE_INTTYPES_H 1
| #define HAVE_STDINT_H 1
| #define HAVE_UNISTD_H 1
| #define HAVE_DLFCN_H 1
| #define LT_OBJDIR ".libs/"
| #define HAVE_PTHREAD 1
| #define GETTEXT_PACKAGE_V4L2CORE "gview_v4l2core"
| #define GETTEXT_PACKAGE "guvcview"
| #define HAVE_LOCALE_H 1
| #define HAVE_LC_MESSAGES 1
| #define HAVE_BIND_TEXTDOMAIN_CODESET 1
| #define HAVE_GETTEXT 1
| #define HAVE_DCGETTEXT 1
| #define ENABLE_NLS 1
| #define STDC_HEADERS 1
| #define HAVE_MATH_H 1
| #define HAVE_EXP 1
| #define HAVE_ROUNDF 1
| #define HAVE_POW 1
| #define HAVE_LIBAVCODEC_AVCODEC_H 1
| /* end confdefs.h.  */
| #include <stdio.h>
| #ifdef HAVE_SYS_TYPES_H
| # include <sys/types.h>
| #endif
| #ifdef HAVE_SYS_STAT_H
| # include <sys/stat.h>
| #endif
| #ifdef STDC_HEADERS
| # include <stdlib.h>
| # include <stddef.h>
| #else
| # ifdef HAVE_STDLIB_H
| #  include <stdlib.h>
| # endif
| #endif
| #ifdef HAVE_STRING_H
| # if !defined STDC_HEADERS && defined HAVE_MEMORY_H
| #  include <memory.h>
| # endif
| # include <string.h>
| #endif
| #ifdef HAVE_STRINGS_H
| # include <strings.h>
| #endif
| #ifdef HAVE_INTTYPES_H
| # include <inttypes.h>
| #endif
| #ifdef HAVE_STDINT_H
| # include <stdint.h>
| #endif
| #ifdef HAVE_UNISTD_H
| # include <unistd.h>
| #endif
| #include <ffmpeg/avcodec.h>
configure:13909: result: no
configure:13909: checking ffmpeg/avcodec.h presence
configure:13909: gcc -E -I/usr/include/libusb-1.0 -I/usr/include/libpng12   conftest.c
conftest.c:39:28: fatal error: ffmpeg/avcodec.h: No such file or directory
 #include <ffmpeg/avcodec.h>
                            ^
compilation terminated.
configure:13909: $? = 1
configure: failed program was:
| /* confdefs.h */
| #define PACKAGE_NAME "guvcview"
| #define PACKAGE_TARNAME "guvcview"
| #define PACKAGE_VERSION "2.0.1"
| #define PACKAGE_STRING "guvcview 2.0.1"
| #define PACKAGE_BUGREPORT "http://guvcview.sourceforge.net/"
| #define PACKAGE_URL ""
| #define PACKAGE_RELEASE "2"
| #define PACKAGE "guvcview"
| #define VERSION "2.0.1"
| #define STDC_HEADERS 1
| #define HAVE_SYS_TYPES_H 1
| #define HAVE_SYS_STAT_H 1
| #define HAVE_STDLIB_H 1
| #define HAVE_STRING_H 1
| #define HAVE_MEMORY_H 1
| #define HAVE_STRINGS_H 1
| #define HAVE_INTTYPES_H 1
| #define HAVE_STDINT_H 1
| #define HAVE_UNISTD_H 1
| #define HAVE_DLFCN_H 1
| #define LT_OBJDIR ".libs/"
| #define HAVE_PTHREAD 1
| #define GETTEXT_PACKAGE_V4L2CORE "gview_v4l2core"
| #define GETTEXT_PACKAGE "guvcview"
| #define HAVE_LOCALE_H 1
| #define HAVE_LC_MESSAGES 1
| #define HAVE_BIND_TEXTDOMAIN_CODESET 1
| #define HAVE_GETTEXT 1
| #define HAVE_DCGETTEXT 1
| #define ENABLE_NLS 1
| #define STDC_HEADERS 1
| #define HAVE_MATH_H 1
| #define HAVE_EXP 1
| #define HAVE_ROUNDF 1
| #define HAVE_POW 1
| #define HAVE_LIBAVCODEC_AVCODEC_H 1
| /* end confdefs.h.  */
| #include <ffmpeg/avcodec.h>
configure:13909: result: no
configure:13909: checking for ffmpeg/avcodec.h
configure:13909: result: no
configure:13920: checking if you want to use the internal mjpeg decoder over libavcodec 
configure:13930: result: no
configure:13972: checking if you want to enable sdl2 support
configure:13982: result: yes
configure:13989: checking for GVIEWRENDER
configure:13996: $PKG_CONFIG --exists --print-errors "sdl2 >= 2.0"
configure:13999: $? = 0
configure:14013: $PKG_CONFIG --exists --print-errors "sdl2 >= 2.0"
configure:14016: $? = 0
configure:14074: result: yes
configure:14191: checking if you want to enable gsl support
configure:14201: result: yes
configure:14209: checking for GSL
configure:14216: $PKG_CONFIG --exists --print-errors "gsl >= 1.15"
configure:14219: $? = 0
configure:14233: $PKG_CONFIG --exists --print-errors "gsl >= 1.15"
configure:14236: $? = 0
configure:14294: result: yes
configure:14341: checking for GVIEWAUDIO
configure:14348: $PKG_CONFIG --exists --print-errors "portaudio-2.0"
configure:14351: $? = 0
configure:14365: $PKG_CONFIG --exists --print-errors "portaudio-2.0"
configure:14368: $? = 0
configure:14426: result: yes
configure:14433: checking if you want to enable pulse support
configure:14443: result: yes
configure:14449: checking for PULSE
configure:14456: $PKG_CONFIG --exists --print-errors "libpulse >= 0.9.15"
configure:14459: $? = 0
configure:14473: $PKG_CONFIG --exists --print-errors "libpulse >= 0.9.15"
configure:14476: $? = 0
configure:14514: result: yes
configure:14572: checking for GVIEWENCODER
configure:14579: $PKG_CONFIG --exists --print-errors "libavcodec, libavutil"
configure:14582: $? = 0
configure:14596: $PKG_CONFIG --exists --print-errors "libavcodec, libavutil"
configure:14599: $? = 0
configure:14657: result: yes
configure:14667: checking libavutil/version.h usability
configure:14667: gcc -c -g -O2 -I/usr/include/libusb-1.0 -I/usr/include/libpng12   conftest.c >&5
configure:14667: $? = 0
configure:14667: result: yes
configure:14667: checking libavutil/version.h presence
configure:14667: gcc -E -I/usr/include/libusb-1.0 -I/usr/include/libpng12   conftest.c
configure:14667: $? = 0
configure:14667: result: yes
configure:14667: checking for libavutil/version.h
configure:14667: result: yes
configure:14681: checking for GUVCVIEW
configure:14688: $PKG_CONFIG --exists --print-errors "gtk+-3.0 >= 3.0.0 glib-2.0 >= 2.10.0"
configure:14691: $? = 0
configure:14705: $PKG_CONFIG --exists --print-errors "gtk+-3.0 >= 3.0.0 glib-2.0 >= 2.10.0"
configure:14708: $? = 0
configure:14766: result: yes
configure:14776: checking for fpathconf
configure:14776: gcc -o conftest -g -O2 -I/usr/include/libusb-1.0 -I/usr/include/libpng12    conftest.c  >&5
configure:14776: $? = 0
configure:14776: result: yes
configure:14776: checking for dirfd
configure:14776: gcc -o conftest -g -O2 -I/usr/include/libusb-1.0 -I/usr/include/libpng12    conftest.c  >&5
configure:14776: $? = 0
configure:14776: result: yes
configure:14786: checking if you want to enable debian menu
configure:14796: result: yes
configure:14808: checking if you want to enable desktop file
configure:14818: result: yes
configure:14831: checking whether byte ordering is bigendian
configure:14846: gcc -c -g -O2 -I/usr/include/libusb-1.0 -I/usr/include/libpng12   conftest.c >&5
conftest.c:46:9: error: unknown type name 'not'
         not a universal capable compiler
         ^
conftest.c:46:15: error: expected '=', ',', ';', 'asm' or '__attribute__' before 'universal'
         not a universal capable compiler
               ^
conftest.c:46:15: error: unknown type name 'universal'
configure:14846: $? = 1
configure: failed program was:
| /* confdefs.h */
| #define PACKAGE_NAME "guvcview"
| #define PACKAGE_TARNAME "guvcview"
| #define PACKAGE_VERSION "2.0.1"
| #define PACKAGE_STRING "guvcview 2.0.1"
| #define PACKAGE_BUGREPORT "http://guvcview.sourceforge.net/"
| #define PACKAGE_URL ""
| #define PACKAGE_RELEASE "2"
| #define PACKAGE "guvcview"
| #define VERSION "2.0.1"
| #define STDC_HEADERS 1
| #define HAVE_SYS_TYPES_H 1
| #define HAVE_SYS_STAT_H 1
| #define HAVE_STDLIB_H 1
| #define HAVE_STRING_H 1
| #define HAVE_MEMORY_H 1
| #define HAVE_STRINGS_H 1
| #define HAVE_INTTYPES_H 1
| #define HAVE_STDINT_H 1
| #define HAVE_UNISTD_H 1
| #define HAVE_DLFCN_H 1
| #define LT_OBJDIR ".libs/"
| #define HAVE_PTHREAD 1
| #define GETTEXT_PACKAGE_V4L2CORE "gview_v4l2core"
| #define GETTEXT_PACKAGE "guvcview"
| #define HAVE_LOCALE_H 1
| #define HAVE_LC_MESSAGES 1
| #define HAVE_BIND_TEXTDOMAIN_CODESET 1
| #define HAVE_GETTEXT 1
| #define HAVE_DCGETTEXT 1
| #define ENABLE_NLS 1
| #define STDC_HEADERS 1
| #define HAVE_MATH_H 1
| #define HAVE_EXP 1
| #define HAVE_ROUNDF 1
| #define HAVE_POW 1
| #define HAVE_LIBAVCODEC_AVCODEC_H 1
| #define ENABLE_SDL2 1
| #define HAS_GSL 1
| #define HAS_PULSEAUDIO 1
| #define HAVE_LIBAVUTIL_VERSION_H 1
| #define HAVE_FPATHCONF 1
| #define HAVE_DIRFD 1
| /* end confdefs.h.  */
| #ifndef __APPLE_CC__
| 	       not a universal capable compiler
| 	     #endif
| 	     typedef int dummy;
| 
configure:14891: gcc -c -g -O2 -I/usr/include/libusb-1.0 -I/usr/include/libpng12   conftest.c >&5
configure:14891: $? = 0
configure:14909: gcc -c -g -O2 -I/usr/include/libusb-1.0 -I/usr/include/libpng12   conftest.c >&5
conftest.c: In function 'main':
conftest.c:52:4: error: unknown type name 'not'
    not big endian
    ^
conftest.c:52:12: error: expected '=', ',', ';', 'asm' or '__attribute__' before 'endian'
    not big endian
            ^
configure:14909: $? = 1
configure: failed program was:
| /* confdefs.h */
| #define PACKAGE_NAME "guvcview"
| #define PACKAGE_TARNAME "guvcview"
| #define PACKAGE_VERSION "2.0.1"
| #define PACKAGE_STRING "guvcview 2.0.1"
| #define PACKAGE_BUGREPORT "http://guvcview.sourceforge.net/"
| #define PACKAGE_URL ""
| #define PACKAGE_RELEASE "2"
| #define PACKAGE "guvcview"
| #define VERSION "2.0.1"
| #define STDC_HEADERS 1
| #define HAVE_SYS_TYPES_H 1
| #define HAVE_SYS_STAT_H 1
| #define HAVE_STDLIB_H 1
| #define HAVE_STRING_H 1
| #define HAVE_MEMORY_H 1
| #define HAVE_STRINGS_H 1
| #define HAVE_INTTYPES_H 1
| #define HAVE_STDINT_H 1
| #define HAVE_UNISTD_H 1
| #define HAVE_DLFCN_H 1
| #define LT_OBJDIR ".libs/"
| #define HAVE_PTHREAD 1
| #define GETTEXT_PACKAGE_V4L2CORE "gview_v4l2core"
| #define GETTEXT_PACKAGE "guvcview"
| #define HAVE_LOCALE_H 1
| #define HAVE_LC_MESSAGES 1
| #define HAVE_BIND_TEXTDOMAIN_CODESET 1
| #define HAVE_GETTEXT 1
| #define HAVE_DCGETTEXT 1
| #define ENABLE_NLS 1
| #define STDC_HEADERS 1
| #define HAVE_MATH_H 1
| #define HAVE_EXP 1
| #define HAVE_ROUNDF 1
| #define HAVE_POW 1
| #define HAVE_LIBAVCODEC_AVCODEC_H 1
| #define ENABLE_SDL2 1
| #define HAS_GSL 1
| #define HAS_PULSEAUDIO 1
| #define HAVE_LIBAVUTIL_VERSION_H 1
| #define HAVE_FPATHCONF 1
| #define HAVE_DIRFD 1
| /* end confdefs.h.  */
| #include <sys/types.h>
| 		#include <sys/param.h>
| 
| int
| main ()
| {
| #if BYTE_ORDER != BIG_ENDIAN
| 		 not big endian
| 		#endif
| 
|   ;
|   return 0;
| }
configure:15037: result: no
configure:15124: updating cache config.cache
configure:15168: checking that generated files are newer than configure
configure:15174: result: done
configure:15196: checking that generated files are newer than configure
configure:15202: result: done
configure:15234: creating ./config.status

## ---------------------- ##
## Running config.status. ##
## ---------------------- ##

This file was extended by guvcview config.status 2.0.1, which was
generated by GNU Autoconf 2.69.  Invocation command line was

  CONFIG_FILES    = 
  CONFIG_HEADERS  = 
  CONFIG_LINKS    = 
  CONFIG_COMMANDS = 
  $ ./config.status 

on cobra-laptop

config.status:1244: creating Makefile
config.status:1244: creating pkgconfig/libgviewv4l2core.pc
config.status:1244: creating pkgconfig/libgviewaudio.pc
config.status:1244: creating pkgconfig/libgviewrender.pc
config.status:1244: creating pkgconfig/libgviewencoder.pc
config.status:1244: creating gview_v4l2core/Makefile
config.status:1244: creating gview_audio/Makefile
config.status:1244: creating gview_render/Makefile
config.status:1244: creating gview_encoder/Makefile
config.status:1244: creating guvcview/Makefile
config.status:1244: creating data/Makefile
config.status:1244: creating data/icons/Makefile
config.status:1244: creating data/guvcview.desktop.in
config.status:1244: creating data/guvcview.appdata.xml.in
config.status:1244: creating data/guvcview.in
config.status:1244: creating po/Makefile.in
config.status:1244: creating po/gview_v4l2core/Makefile.in
config.status:1244: creating config.h
config.status:1425: config.h is unchanged
config.status:1473: executing depfiles commands
config.status:1473: executing libtool commands
config.status:1473: executing default-1 commands
config.status:1473: executing po/stamp-it commands
config.status:1473: executing po/gview_v4l2core/stamp-it commands
configure:17536:

  guvcview 2.0.1
  ----------------------

  Prefix           : /home/cobra/Desktop/guvcview-src-2.0.1
  Pulseaudio       : yes
  internal format  : yuyv
  gsl              : yes
  sdl2             : yes
  mjpg decoder     : libavcodec
  desktop file     : yes
  debian menu      : yes



## ---------------- ##
## Cache variables. ##
## ---------------- ##

ac_cv_build=x86_64-unknown-linux-gnu
ac_cv_c_bigendian=no
ac_cv_c_compiler_gnu=yes
ac_cv_env_CC_set=
ac_cv_env_CC_value=
ac_cv_env_CFLAGS_set=
ac_cv_env_CFLAGS_value=
ac_cv_env_CPPFLAGS_set=
ac_cv_env_CPPFLAGS_value=
ac_cv_env_CPP_set=
ac_cv_env_CPP_value=
ac_cv_env_GSL_CFLAGS_set=
ac_cv_env_GSL_CFLAGS_value=
ac_cv_env_GSL_LIBS_set=
ac_cv_env_GSL_LIBS_value=
ac_cv_env_GUVCVIEW_CFLAGS_set=
ac_cv_env_GUVCVIEW_CFLAGS_value=
ac_cv_env_GUVCVIEW_LIBS_set=
ac_cv_env_GUVCVIEW_LIBS_value=
ac_cv_env_GVIEWAUDIO_CFLAGS_set=
ac_cv_env_GVIEWAUDIO_CFLAGS_value=
ac_cv_env_GVIEWAUDIO_LIBS_set=
ac_cv_env_GVIEWAUDIO_LIBS_value=
ac_cv_env_GVIEWENCODER_CFLAGS_set=
ac_cv_env_GVIEWENCODER_CFLAGS_value=
ac_cv_env_GVIEWENCODER_LIBS_set=
ac_cv_env_GVIEWENCODER_LIBS_value=
ac_cv_env_GVIEWRENDER_CFLAGS_set=
ac_cv_env_GVIEWRENDER_CFLAGS_value=
ac_cv_env_GVIEWRENDER_LIBS_set=
ac_cv_env_GVIEWRENDER_LIBS_value=
ac_cv_env_GVIEWV4L2CORE_CFLAGS_set=
ac_cv_env_GVIEWV4L2CORE_CFLAGS_value=
ac_cv_env_GVIEWV4L2CORE_LIBS_set=
ac_cv_env_GVIEWV4L2CORE_LIBS_value=
ac_cv_env_LDFLAGS_set=
ac_cv_env_LDFLAGS_value=
ac_cv_env_LIBS_set=
ac_cv_env_LIBS_value=
ac_cv_env_PKG_CONFIG_LIBDIR_set=
ac_cv_env_PKG_CONFIG_LIBDIR_value=
ac_cv_env_PKG_CONFIG_PATH_set=set
ac_cv_env_PKG_CONFIG_PATH_value=:/usr/local/lib/pkgconfig
ac_cv_env_PKG_CONFIG_set=
ac_cv_env_PKG_CONFIG_value=
ac_cv_env_PULSE_CFLAGS_set=
ac_cv_env_PULSE_CFLAGS_value=
ac_cv_env_PULSE_LIBS_set=
ac_cv_env_PULSE_LIBS_value=
ac_cv_env_build_alias_set=
ac_cv_env_build_alias_value=
ac_cv_env_host_alias_set=
ac_cv_env_host_alias_value=
ac_cv_env_target_alias_set=
ac_cv_env_target_alias_value=
ac_cv_func_bind_textdomain_codeset=yes
ac_cv_func_dcgettext=yes
ac_cv_func_dirfd=yes
ac_cv_func_fpathconf=yes
ac_cv_header_avcodec_h=no
ac_cv_header_dlfcn_h=yes
ac_cv_header_ffmpeg_avcodec_h=no
ac_cv_header_inttypes_h=yes
ac_cv_header_libavcodec_avcodec_h=yes
ac_cv_header_libavutil_version_h=yes
ac_cv_header_libintl_h=yes
ac_cv_header_locale_h=yes
ac_cv_header_math_h=yes
ac_cv_header_memory_h=yes
ac_cv_header_stdc=yes
ac_cv_header_stdint_h=yes
ac_cv_header_stdlib_h=yes
ac_cv_header_string_h=yes
ac_cv_header_strings_h=yes
ac_cv_header_sys_stat_h=yes
ac_cv_header_sys_types_h=yes
ac_cv_header_unistd_h=yes
ac_cv_host=x86_64-unknown-linux-gnu
ac_cv_lib_m_exp=yes
ac_cv_lib_m_pow=yes
ac_cv_lib_m_roundf=yes
ac_cv_objext=o
ac_cv_path_EGREP='/bin/grep -E'
ac_cv_path_FGREP='/bin/grep -F'
ac_cv_path_GMSGFMT=/usr/bin/msgfmt
ac_cv_path_GREP=/bin/grep
ac_cv_path_INTLTOOL_EXTRACT=/usr/bin/intltool-extract
ac_cv_path_INTLTOOL_MERGE=/usr/bin/intltool-merge
ac_cv_path_INTLTOOL_PERL=/usr/bin/perl
ac_cv_path_INTLTOOL_UPDATE=/usr/bin/intltool-update
ac_cv_path_MSGFMT=/usr/bin/msgfmt
ac_cv_path_MSGMERGE=/usr/bin/msgmerge
ac_cv_path_SED=/bin/sed
ac_cv_path_XGETTEXT=/usr/bin/xgettext
ac_cv_path_ac_pt_PKG_CONFIG=/usr/bin/pkg-config
ac_cv_path_install='/usr/bin/install -c'
ac_cv_path_mkdir=/bin/mkdir
ac_cv_prog_AWK=gawk
ac_cv_prog_CPP='gcc -E'
ac_cv_prog_ac_ct_AR=ar
ac_cv_prog_ac_ct_CC=gcc
ac_cv_prog_ac_ct_MANIFEST_TOOL=mt
ac_cv_prog_ac_ct_OBJDUMP=objdump
ac_cv_prog_ac_ct_RANLIB=ranlib
ac_cv_prog_ac_ct_STRIP=strip
ac_cv_prog_cc_c89=
ac_cv_prog_cc_g=yes
ac_cv_prog_make_make_set=yes
am_cv_CC_dependencies_compiler_type=gcc3
am_cv_make_support_nested_variables=yes
am_cv_prog_cc_c_o=yes
am_cv_val_LC_MESSAGES=yes
gt_cv_func_dgettext_libc=yes
gt_cv_func_dgettext_libintl=no
gt_cv_func_ngettext_libc=yes
gt_cv_have_gettext=yes
lt_cv_ar_at_file=@
lt_cv_archive_cmds_need_lc=no
lt_cv_deplibs_check_method=pass_all
lt_cv_file_magic_cmd='$MAGIC_CMD'
lt_cv_file_magic_test_file=
lt_cv_ld_reload_flag=-r
lt_cv_nm_interface='BSD nm'
lt_cv_objdir=.libs
lt_cv_path_LD=/usr/bin/ld
lt_cv_path_NM='/usr/bin/nm -B'
lt_cv_path_mainfest_tool=no
lt_cv_prog_compiler_c_o=yes
lt_cv_prog_compiler_pic='-fPIC -DPIC'
lt_cv_prog_compiler_pic_works=yes
lt_cv_prog_compiler_rtti_exceptions=no
lt_cv_prog_compiler_static_works=yes
lt_cv_prog_gnu_ld=yes
lt_cv_sharedlib_from_linklib_cmd='printf %s\n'
lt_cv_shlibpath_overrides_runpath=no
lt_cv_sys_global_symbol_pipe='sed -n -e '\''s/^.*[	 ]\([ABCDGIRSTW][ABCDGIRSTW]*\)[	 ][	 ]*\([_A-Za-z][_A-Za-z0-9]*\)$/\1 \2 \2/p'\'' | sed '\''/ __gnu_lto/d'\'''
lt_cv_sys_global_symbol_to_c_name_address='sed -n -e '\''s/^: \([^ ]*\)[ ]*$/  {\"\1\", (void *) 0},/p'\'' -e '\''s/^[ABCDGIRSTW]* \([^ ]*\) \([^ ]*\)$/  {"\2", (void *) \&\2},/p'\'''
lt_cv_sys_global_symbol_to_c_name_address_lib_prefix='sed -n -e '\''s/^: \([^ ]*\)[ ]*$/  {\"\1\", (void *) 0},/p'\'' -e '\''s/^[ABCDGIRSTW]* \([^ ]*\) \(lib[^ ]*\)$/  {"\2", (void *) \&\2},/p'\'' -e '\''s/^[ABCDGIRSTW]* \([^ ]*\) \([^ ]*\)$/  {"lib\2", (void *) \&\2},/p'\'''
lt_cv_sys_global_symbol_to_cdecl='sed -n -e '\''s/^T .* \(.*\)$/extern int \1();/p'\'' -e '\''s/^[ABCDGIRSTW]* .* \(.*\)$/extern char \1;/p'\'''
lt_cv_sys_max_cmd_len=1572864
lt_cv_to_host_file_cmd=func_convert_file_noop
lt_cv_to_tool_file_cmd=func_convert_file_noop
pkg_cv_GSL_CFLAGS=' '
pkg_cv_GSL_LIBS='-lgsl -lgslcblas -lm  '
pkg_cv_GUVCVIEW_CFLAGS='-pthread -I/usr/include/gtk-3.0 -I/usr/include/atk-1.0 -I/usr/include/at-spi2-atk/2.0 -I/usr/include/pango-1.0 -I/usr/include/gio-unix-2.0/ -I/usr/include/cairo -I/usr/include/gdk-pixbuf-2.0 -I/usr/include/glib-2.0 -I/usr/lib/x86_64-linux-gnu/glib-2.0/include -I/usr/include/harfbuzz -I/usr/include/freetype2 -I/usr/include/pixman-1 -I/usr/include/libpng12  '
pkg_cv_GUVCVIEW_LIBS='-lgtk-3 -lgdk-3 -latk-1.0 -lgio-2.0 -lpangocairo-1.0 -lgdk_pixbuf-2.0 -lcairo-gobject -lpango-1.0 -lcairo -lgobject-2.0 -lglib-2.0  '
pkg_cv_GVIEWAUDIO_CFLAGS='-pthread  '
pkg_cv_GVIEWAUDIO_LIBS='-lportaudio -lasound -lm -lpthread  '
pkg_cv_GVIEWENCODER_CFLAGS=' '
pkg_cv_GVIEWENCODER_LIBS='-lavcodec -lavutil  '
pkg_cv_GVIEWRENDER_CFLAGS='-D_REENTRANT -I/usr/include/SDL2  '
pkg_cv_GVIEWRENDER_LIBS='-lSDL2  '
pkg_cv_GVIEWV4L2CORE_CFLAGS='-I/usr/include/libusb-1.0 -I/usr/include/libpng12  '
pkg_cv_GVIEWV4L2CORE_LIBS='-lv4l2 -ludev -lusb-1.0 -lavcodec -lpng12  '
pkg_cv_PULSE_CFLAGS='-D_REENTRANT  '
pkg_cv_PULSE_LIBS='-lpulse  '

## ----------------- ##
## Output variables. ##
## ----------------- ##

ACLOCAL='${SHELL} /home/cobra/Desktop/guvcview-src-2.0.1/missing aclocal-1.14'
ALL_LINGUAS='bg bs cs da de en_AU es eu fo fr gl he hr it ja lv nl pl pt pt_BR ru si sr tr uk zh_TW'
AMDEPBACKSLASH='\'
AMDEP_FALSE='#'
AMDEP_TRUE=''
AMTAR='$${TAR-tar}'
AM_BACKSLASH='\'
AM_DEFAULT_V='$(AM_DEFAULT_VERBOSITY)'
AM_DEFAULT_VERBOSITY='0'
AM_V='$(V)'
AR='ar'
AUTOCONF='${SHELL} /home/cobra/Desktop/guvcview-src-2.0.1/missing autoconf'
AUTOHEADER='${SHELL} /home/cobra/Desktop/guvcview-src-2.0.1/missing autoheader'
AUTOMAKE='${SHELL} /home/cobra/Desktop/guvcview-src-2.0.1/missing automake-1.14'
AWK='gawk'
CATALOGS=' bg.gmo bs.gmo cs.gmo da.gmo de.gmo en_AU.gmo es.gmo eu.gmo fo.gmo fr.gmo gl.gmo he.gmo hr.gmo it.gmo ja.gmo lv.gmo nl.gmo pl.gmo pt.gmo pt_BR.gmo ru.gmo si.gmo sr.gmo tr.gmo uk.gmo zh_TW.gmo'
CATOBJEXT='.gmo'
CC='gcc'
CCDEPMODE='depmode=gcc3'
CFLAGS='-g -O2'
CPP='gcc -E'
CPPFLAGS='-I/usr/include/libusb-1.0 -I/usr/include/libpng12  '
CYGPATH_W='echo'
DATADIRNAME='share'
DEBIAN_MENU_FALSE='#'
DEBIAN_MENU_TRUE=''
DEFS='-DHAVE_CONFIG_H'
DEPDIR='.deps'
DESKTOP_FALSE='#'
DESKTOP_TRUE=''
DLLTOOL='false'
DSYMUTIL=''
DUMPBIN=''
ECHO_C=''
ECHO_N='-n'
ECHO_T=''
EGREP='/bin/grep -E'
ENABLE_SDL2_FALSE='#'
ENABLE_SDL2_TRUE=''
EXEEXT=''
FGREP='/bin/grep -F'
GETTEXT_PACKAGE='guvcview'
GETTEXT_PACKAGE_V4L2CORE='gview_v4l2core'
GMOFILES=' bg.gmo bs.gmo cs.gmo da.gmo de.gmo en_AU.gmo es.gmo eu.gmo fo.gmo fr.gmo gl.gmo he.gmo hr.gmo it.gmo ja.gmo lv.gmo nl.gmo pl.gmo pt.gmo pt_BR.gmo ru.gmo si.gmo sr.gmo tr.gmo uk.gmo zh_TW.gmo'
GMSGFMT='/usr/bin/msgfmt'
GREP='/bin/grep'
GSL_CFLAGS=' '
GSL_LIBS='-lgsl -lgslcblas -lm  '
GUVCVIEW_CFLAGS='-pthread -I/usr/include/gtk-3.0 -I/usr/include/atk-1.0 -I/usr/include/at-spi2-atk/2.0 -I/usr/include/pango-1.0 -I/usr/include/gio-unix-2.0/ -I/usr/include/cairo -I/usr/include/gdk-pixbuf-2.0 -I/usr/include/glib-2.0 -I/usr/lib/x86_64-linux-gnu/glib-2.0/include -I/usr/include/harfbuzz -I/usr/include/freetype2 -I/usr/include/pixman-1 -I/usr/include/libpng12  '
GUVCVIEW_LIBS='-lgtk-3 -lgdk-3 -latk-1.0 -lgio-2.0 -lpangocairo-1.0 -lgdk_pixbuf-2.0 -lcairo-gobject -lpango-1.0 -lcairo -lgobject-2.0 -lglib-2.0  '
GVIEWAUDIO_API_VERSION='1.0'
GVIEWAUDIO_CFLAGS='-pthread  '
GVIEWAUDIO_LD_NAME='gviewaudio'
GVIEWAUDIO_LIBRARY_NAME='libgviewaudio'
GVIEWAUDIO_LIBRARY_VERSION='1:0:1'
GVIEWAUDIO_LIBS='-lportaudio -lasound -lm -lpthread  '
GVIEWENCODER_API_VERSION='1.0'
GVIEWENCODER_CFLAGS=' '
GVIEWENCODER_LD_NAME='gviewencoder'
GVIEWENCODER_LIBRARY_NAME='libgviewencoder'
GVIEWENCODER_LIBRARY_VERSION='1:0:1'
GVIEWENCODER_LIBS='-lavcodec -lavutil  '
GVIEWRENDER_API_VERSION='1.0'
GVIEWRENDER_CFLAGS='-D_REENTRANT -I/usr/include/SDL2  '
GVIEWRENDER_LD_NAME='gviewrender'
GVIEWRENDER_LIBRARY_NAME='libgviewrender'
GVIEWRENDER_LIBRARY_VERSION='1:0:1'
GVIEWRENDER_LIBS='-lSDL2  '
GVIEWV4L2CORE_API_VERSION='1.0'
GVIEWV4L2CORE_CFLAGS='-I/usr/include/libusb-1.0 -I/usr/include/libpng12  '
GVIEWV4L2CORE_LD_NAME='gviewv4l2core'
GVIEWV4L2CORE_LIBRARY_NAME='libgviewv4l2core'
GVIEWV4L2CORE_LIBRARY_VERSION='1:0:1'
GVIEWV4L2CORE_LIBS='-lv4l2 -ludev -lusb-1.0 -lavcodec -lpng12  '
HAVE_PULSEAUDIO_FALSE='#'
HAVE_PULSEAUDIO_TRUE=''
INSTALL_DATA='${INSTALL} -m 644'
INSTALL_PROGRAM='${INSTALL}'
INSTALL_SCRIPT='${INSTALL}'
INSTALL_STRIP_PROGRAM='$(install_sh) -c -s'
INSTOBJEXT='.mo'
INTLLIBS=''
INTLTOOL_CAVES_RULE='%.caves:     %.caves.in     $(INTLTOOL_MERGE) $(wildcard $(top_srcdir)/po/*.po) ; $(INTLTOOL_V_MERGE)LC_ALL=C $(INTLTOOL_MERGE) $(INTLTOOL_V_MERGE_OPTIONS) -d -u -c $(top_builddir)/po/.intltool-merge-cache $(top_srcdir)/po $< $@'
INTLTOOL_DESKTOP_RULE='%.desktop:   %.desktop.in   $(INTLTOOL_MERGE) $(wildcard $(top_srcdir)/po/*.po) ; $(INTLTOOL_V_MERGE)LC_ALL=C $(INTLTOOL_MERGE) $(INTLTOOL_V_MERGE_OPTIONS) -d -u -c $(top_builddir)/po/.intltool-merge-cache $(top_srcdir)/po $< $@'
INTLTOOL_DIRECTORY_RULE='%.directory: %.directory.in $(INTLTOOL_MERGE) $(wildcard $(top_srcdir)/po/*.po) ; $(INTLTOOL_V_MERGE)LC_ALL=C $(INTLTOOL_MERGE) $(INTLTOOL_V_MERGE_OPTIONS) -d -u -c $(top_builddir)/po/.intltool-merge-cache $(top_srcdir)/po $< $@'
INTLTOOL_EXTRACT='/usr/bin/intltool-extract'
INTLTOOL_KBD_RULE='%.kbd:       %.kbd.in       $(INTLTOOL_MERGE) $(wildcard $(top_srcdir)/po/*.po) ; $(INTLTOOL_V_MERGE)LC_ALL=C $(INTLTOOL_MERGE) $(INTLTOOL_V_MERGE_OPTIONS) -x -u -m -c $(top_builddir)/po/.intltool-merge-cache $(top_srcdir)/po $< $@'
INTLTOOL_KEYS_RULE='%.keys:      %.keys.in      $(INTLTOOL_MERGE) $(wildcard $(top_srcdir)/po/*.po) ; $(INTLTOOL_V_MERGE)LC_ALL=C $(INTLTOOL_MERGE) $(INTLTOOL_V_MERGE_OPTIONS) -k -u -c $(top_builddir)/po/.intltool-merge-cache $(top_srcdir)/po $< $@'
INTLTOOL_MERGE='/usr/bin/intltool-merge'
INTLTOOL_OAF_RULE='%.oaf:       %.oaf.in       $(INTLTOOL_MERGE) $(wildcard $(top_srcdir)/po/*.po) ; $(INTLTOOL_V_MERGE)LC_ALL=C $(INTLTOOL_MERGE) $(INTLTOOL_V_MERGE_OPTIONS) -o -p $(top_srcdir)/po $< $@'
INTLTOOL_PERL='/usr/bin/perl'
INTLTOOL_POLICY_RULE='%.policy:    %.policy.in    $(INTLTOOL_MERGE) $(wildcard $(top_srcdir)/po/*.po) ; $(INTLTOOL_V_MERGE)LC_ALL=C $(INTLTOOL_MERGE) $(INTLTOOL_V_MERGE_OPTIONS) -x -u -c $(top_builddir)/po/.intltool-merge-cache $(top_srcdir)/po $< $@'
INTLTOOL_PONG_RULE='%.pong:      %.pong.in      $(INTLTOOL_MERGE) $(wildcard $(top_srcdir)/po/*.po) ; $(INTLTOOL_V_MERGE)LC_ALL=C $(INTLTOOL_MERGE) $(INTLTOOL_V_MERGE_OPTIONS) -x -u -c $(top_builddir)/po/.intltool-merge-cache $(top_srcdir)/po $< $@'
INTLTOOL_PROP_RULE='%.prop:      %.prop.in      $(INTLTOOL_MERGE) $(wildcard $(top_srcdir)/po/*.po) ; $(INTLTOOL_V_MERGE)LC_ALL=C $(INTLTOOL_MERGE) $(INTLTOOL_V_MERGE_OPTIONS) -d -u -c $(top_builddir)/po/.intltool-merge-cache $(top_srcdir)/po $< $@'
INTLTOOL_SCHEMAS_RULE='%.schemas:   %.schemas.in   $(INTLTOOL_MERGE) $(wildcard $(top_srcdir)/po/*.po) ; $(INTLTOOL_V_MERGE)LC_ALL=C $(INTLTOOL_MERGE) $(INTLTOOL_V_MERGE_OPTIONS) -s -u -c $(top_builddir)/po/.intltool-merge-cache $(top_srcdir)/po $< $@'
INTLTOOL_SERVER_RULE='%.server:    %.server.in    $(INTLTOOL_MERGE) $(wildcard $(top_srcdir)/po/*.po) ; $(INTLTOOL_V_MERGE)LC_ALL=C $(INTLTOOL_MERGE) $(INTLTOOL_V_MERGE_OPTIONS) -o -u -c $(top_builddir)/po/.intltool-merge-cache $(top_srcdir)/po $< $@'
INTLTOOL_SERVICE_RULE='%.service: %.service.in   $(INTLTOOL_MERGE) $(wildcard $(top_srcdir)/po/*.po) ; $(INTLTOOL_V_MERGE)LC_ALL=C $(INTLTOOL_MERGE) $(INTLTOOL_V_MERGE_OPTIONS) -d -u -c $(top_builddir)/po/.intltool-merge-cache $(top_srcdir)/po $< $@'
INTLTOOL_SHEET_RULE='%.sheet:     %.sheet.in     $(INTLTOOL_MERGE) $(wildcard $(top_srcdir)/po/*.po) ; $(INTLTOOL_V_MERGE)LC_ALL=C $(INTLTOOL_MERGE) $(INTLTOOL_V_MERGE_OPTIONS) -x -u -c $(top_builddir)/po/.intltool-merge-cache $(top_srcdir)/po $< $@'
INTLTOOL_SOUNDLIST_RULE='%.soundlist: %.soundlist.in $(INTLTOOL_MERGE) $(wildcard $(top_srcdir)/po/*.po) ; $(INTLTOOL_V_MERGE)LC_ALL=C $(INTLTOOL_MERGE) $(INTLTOOL_V_MERGE_OPTIONS) -d -u -c $(top_builddir)/po/.intltool-merge-cache $(top_srcdir)/po $< $@'
INTLTOOL_THEME_RULE='%.theme:     %.theme.in     $(INTLTOOL_MERGE) $(wildcard $(top_srcdir)/po/*.po) ; $(INTLTOOL_V_MERGE)LC_ALL=C $(INTLTOOL_MERGE) $(INTLTOOL_V_MERGE_OPTIONS) -d -u -c $(top_builddir)/po/.intltool-merge-cache $(top_srcdir)/po $< $@'
INTLTOOL_UI_RULE='%.ui:        %.ui.in        $(INTLTOOL_MERGE) $(wildcard $(top_srcdir)/po/*.po) ; $(INTLTOOL_V_MERGE)LC_ALL=C $(INTLTOOL_MERGE) $(INTLTOOL_V_MERGE_OPTIONS) -x -u -c $(top_builddir)/po/.intltool-merge-cache $(top_srcdir)/po $< $@'
INTLTOOL_UPDATE='/usr/bin/intltool-update'
INTLTOOL_V_MERGE='$(INTLTOOL__v_MERGE_$(V))'
INTLTOOL_V_MERGE_OPTIONS='$(intltool__v_merge_options_$(V))'
INTLTOOL_XAM_RULE='%.xam:       %.xml.in       $(INTLTOOL_MERGE) $(wildcard $(top_srcdir)/po/*.po) ; $(INTLTOOL_V_MERGE)LC_ALL=C $(INTLTOOL_MERGE) $(INTLTOOL_V_MERGE_OPTIONS) -x -u -c $(top_builddir)/po/.intltool-merge-cache $(top_srcdir)/po $< $@'
INTLTOOL_XML_NOMERGE_RULE='%.xml:       %.xml.in       $(INTLTOOL_MERGE) ; $(INTLTOOL_V_MERGE)LC_ALL=C $(INTLTOOL_MERGE) $(INTLTOOL_V_MERGE_OPTIONS) -x -u --no-translations $< $@'
INTLTOOL_XML_RULE='%.xml:       %.xml.in       $(INTLTOOL_MERGE) $(wildcard $(top_srcdir)/po/*.po) ; $(INTLTOOL_V_MERGE)LC_ALL=C $(INTLTOOL_MERGE) $(INTLTOOL_V_MERGE_OPTIONS) -x -u -c $(top_builddir)/po/.intltool-merge-cache $(top_srcdir)/po $< $@'
INTLTOOL__v_MERGE_0='@echo "  ITMRG " $@;'
INTLTOOL__v_MERGE_='$(INTLTOOL__v_MERGE_$(AM_DEFAULT_VERBOSITY))'
LD='/usr/bin/ld -m elf_x86_64'
LDFLAGS=''
LIBOBJS=''
LIBS=''
LIBTOOL='$(SHELL) $(top_builddir)/libtool'
LIPO=''
LN_S='ln -s'
LTLIBOBJS=''
MAINT='#'
MAINTAINER_MODE_FALSE=''
MAINTAINER_MODE_TRUE='#'
MAKEINFO='${SHELL} /home/cobra/Desktop/guvcview-src-2.0.1/missing makeinfo'
MANIFEST_TOOL=':'
MKDIR_P='/bin/mkdir -p'
MKINSTALLDIRS='./mkinstalldirs'
MSGFMT='/usr/bin/msgfmt'
MSGFMT_OPTS='-c'
MSGMERGE='/usr/bin/msgmerge'
NM='/usr/bin/nm -B'
NMEDIT=''
OBJDUMP='objdump'
OBJEXT='o'
OTOOL64=''
OTOOL=''
PACKAGE='guvcview'
PACKAGE_BUGREPORT='http://guvcview.sourceforge.net/'
PACKAGE_NAME='guvcview'
PACKAGE_RELEASE='2'
PACKAGE_STRING='guvcview 2.0.1'
PACKAGE_TARNAME='guvcview'
PACKAGE_URL=''
PACKAGE_VERSION='2.0.1'
PATH_SEPARATOR=':'
PKG_CONFIG='/usr/bin/pkg-config'
PKG_CONFIG_LIBDIR=''
PKG_CONFIG_PATH=':/usr/local/lib/pkgconfig'
POFILES=' bg.po bs.po cs.po da.po de.po en_AU.po es.po eu.po fo.po fr.po gl.po he.po hr.po it.po ja.po lv.po nl.po pl.po pt.po pt_BR.po ru.po si.po sr.po tr.po uk.po zh_TW.po'
POSUB='po'
PO_IN_DATADIR_FALSE=''
PO_IN_DATADIR_TRUE=''
PTHREAD_CC='gcc'
PTHREAD_CFLAGS='-pthread'
PTHREAD_LIBS=''
PULSE_CFLAGS='-D_REENTRANT  '
PULSE_LIBS='-lpulse  '
RANLIB='ranlib'
SED='/bin/sed'
SET_MAKE=''
SHELL='/bin/bash'
STRIP='strip'
USE_NLS='yes'
VERSION='2.0.1'
XGETTEXT='/usr/bin/xgettext'
ac_ct_AR='ar'
ac_ct_CC='gcc'
ac_ct_DUMPBIN=''
acx_pthread_config=''
am__EXEEXT_FALSE=''
am__EXEEXT_TRUE='#'
am__fastdepCC_FALSE='#'
am__fastdepCC_TRUE=''
am__include='include'
am__isrc=''
am__leading_dot='.'
am__nodep='_no'
am__quote=''
am__tar='$${TAR-tar} chof - "$$tardir"'
am__untar='$${TAR-tar} xf -'
bindir='${exec_prefix}/bin'
build='x86_64-unknown-linux-gnu'
build_alias=''
build_cpu='x86_64'
build_os='linux-gnu'
build_vendor='unknown'
datadir='${datarootdir}'
datarootdir='${prefix}/share'
docdir='${datarootdir}/doc/${PACKAGE_TARNAME}'
dvidir='${docdir}'
exec_prefix='${prefix}'
host='x86_64-unknown-linux-gnu'
host_alias=''
host_cpu='x86_64'
host_os='linux-gnu'
host_vendor='unknown'
htmldir='${docdir}'
includedir='${prefix}/include'
infodir='${datarootdir}/info'
install_sh='${SHELL} /home/cobra/Desktop/guvcview-src-2.0.1/install-sh'
intltool__v_merge_options_0='-q'
intltool__v_merge_options_='$(intltool__v_merge_options_$(AM_DEFAULT_VERBOSITY))'
libdir='${exec_prefix}/lib'
libexecdir='${exec_prefix}/libexec'
localedir='${datarootdir}/locale'
localstatedir='${prefix}/var'
mandir='${datarootdir}/man'
mkdir_p='$(MKDIR_P)'
oldincludedir='/usr/include'
pdfdir='${docdir}'
prefix='/home/cobra/Desktop/guvcview-src-2.0.1'
program_transform_name='s,x,x,'
psdir='${docdir}'
sbindir='${exec_prefix}/sbin'
sharedstatedir='${prefix}/com'
sysconfdir='${prefix}/etc'
target_alias=''

## ----------- ##
## confdefs.h. ##
## ----------- ##

/* confdefs.h */
#define PACKAGE_NAME "guvcview"
#define PACKAGE_TARNAME "guvcview"
#define PACKAGE_VERSION "2.0.1"
#define PACKAGE_STRING "guvcview 2.0.1"
#define PACKAGE_BUGREPORT "http://guvcview.sourceforge.net/"
#define PACKAGE_URL ""
#define PACKAGE_RELEASE "2"
#define PACKAGE "guvcview"
#define VERSION "2.0.1"
#define STDC_HEADERS 1
#define HAVE_SYS_TYPES_H 1
#define HAVE_SYS_STAT_H 1
#define HAVE_STDLIB_H 1
#define HAVE_STRING_H 1
#define HAVE_MEMORY_H 1
#define HAVE_STRINGS_H 1
#define HAVE_INTTYPES_H 1
#define HAVE_STDINT_H 1
#define HAVE_UNISTD_H 1
#define HAVE_DLFCN_H 1
#define LT_OBJDIR ".libs/"
#define HAVE_PTHREAD 1
#define GETTEXT_PACKAGE_V4L2CORE "gview_v4l2core"
#define GETTEXT_PACKAGE "guvcview"
#define HAVE_LOCALE_H 1
#define HAVE_LC_MESSAGES 1
#define HAVE_BIND_TEXTDOMAIN_CODESET 1
#define HAVE_GETTEXT 1
#define HAVE_DCGETTEXT 1
#define ENABLE_NLS 1
#define STDC_HEADERS 1
#define HAVE_MATH_H 1
#define HAVE_EXP 1
#define HAVE_ROUNDF 1
#define HAVE_POW 1
#define HAVE_LIBAVCODEC_AVCODEC_H 1
#define ENABLE_SDL2 1
#define HAS_GSL 1
#define HAS_PULSEAUDIO 1
#define HAVE_LIBAVUTIL_VERSION_H 1
#define HAVE_FPATHCONF 1
#define HAVE_DIRFD 1

configure: exit 0
